0 info it worked if it ends with ok
1 verbose cli [ '/Users/njwallace2/.nvm/versions/node/v5.0.0/bin/node',
1 verbose cli   '/Users/njwallace2/.nvm/versions/node/v5.0.0/bin/npm',
1 verbose cli   'run',
1 verbose cli   'test' ]
2 info using npm@3.3.6
3 info using node@v5.0.0
4 verbose run-script [ 'pretest', 'test', 'posttest' ]
5 info lifecycle vidbits@0.0.0~pretest: vidbits@0.0.0
6 silly lifecycle vidbits@0.0.0~pretest: no script for pretest, continuing
7 info lifecycle vidbits@0.0.0~test: vidbits@0.0.0
8 verbose lifecycle vidbits@0.0.0~test: unsafe-perm in lifecycle true
9 verbose lifecycle vidbits@0.0.0~test: PATH: /Users/njwallace2/.nvm/versions/node/v5.0.0/lib/node_modules/npm/bin/node-gyp-bin:/Users/njwallace2/Documents/vidbits/node_modules/.bin:/Users/njwallace2/.nvm/versions/node/v5.0.0/bin:/usr/local/bin:/usr/bin:/bin:/usr/sbin:/sbin
10 verbose lifecycle vidbits@0.0.0~test: CWD: /Users/njwallace2/Documents/vidbits
11 silly lifecycle vidbits@0.0.0~test: Args: [ '-c', 'bin/mocha-test && bin/wdio-test' ]
12 silly lifecycle vidbits@0.0.0~test: Returned: code: 1  signal: null
13 info lifecycle vidbits@0.0.0~test: Failed to exec test script
14 verbose stack Error: vidbits@0.0.0 test: `bin/mocha-test && bin/wdio-test`
14 verbose stack Exit status 1
14 verbose stack     at EventEmitter.<anonymous> (/Users/njwallace2/.nvm/versions/node/v5.0.0/lib/node_modules/npm/lib/utils/lifecycle.js:233:16)
14 verbose stack     at emitTwo (events.js:87:13)
14 verbose stack     at EventEmitter.emit (events.js:172:7)
14 verbose stack     at ChildProcess.<anonymous> (/Users/njwallace2/.nvm/versions/node/v5.0.0/lib/node_modules/npm/lib/utils/spawn.js:24:14)
14 verbose stack     at emitTwo (events.js:87:13)
14 verbose stack     at ChildProcess.emit (events.js:172:7)
14 verbose stack     at maybeClose (internal/child_process.js:818:16)
14 verbose stack     at Process.ChildProcess._handle.onexit (internal/child_process.js:211:5)
15 verbose pkgid vidbits@0.0.0
16 verbose cwd /Users/njwallace2/Documents/vidbits
17 error Darwin 17.7.0
18 error argv "/Users/njwallace2/.nvm/versions/node/v5.0.0/bin/node" "/Users/njwallace2/.nvm/versions/node/v5.0.0/bin/npm" "run" "test"
19 error node v5.0.0
20 error npm  v3.3.6
21 error code ELIFECYCLE
22 error vidbits@0.0.0 test: `bin/mocha-test && bin/wdio-test`
22 error Exit status 1
23 error Failed at the vidbits@0.0.0 test script 'bin/mocha-test && bin/wdio-test'.
23 error This is most likely a problem with the vidbits package,
23 error not with npm itself.
23 error Tell the author that this fails on your system:
23 error     bin/mocha-test && bin/wdio-test
23 error You can get their info via:
23 error     npm owner ls vidbits
23 error There is likely additional logging output above.
24 verbose exit [ 1, true ]
